<?xml version="1.0" encoding="UTF-8"?>
<!-- Generated by org.testng.reporters.JUnitReportReporter -->
<testsuite skipped="0" hostname="DESKTOP-9DI402V" name="ttest.ttest1" tests="1" failures="0" timestamp="2022-03-31T11:09:11 IST" time="0.307" errors="0">
  <testcase name="sql" time="0.307" classname="ttest.ttest1"/>
  <system-out/>
</testsuite> <!-- ttest.ttest1 -->
